<?xml version="1.0" encoding="UTF-8"?>
<!-- Generated by org.testng.reporters.JUnitReportReporter -->
<testsuite hostname="DESKTOP-HMKMG6M" failures="0" tests="13" name="runner.TestRunner" time="288.886" errors="0" timestamp="2024-02-26T22:35:49 IST" skipped="0">
  <testcase classname="runner.TestRunner" name="runScenario" time="14.328"/>
  <system-out/>
  <testcase classname="runner.TestRunner" name="runScenario" time="23.499"/>
  <system-out/>
  <testcase classname="runner.TestRunner" name="runScenario" time="11.897"/>
  <system-out/>
  <testcase classname="runner.TestRunner" name="runScenario" time="16.568"/>
  <system-out/>
  <testcase classname="runner.TestRunner" name="runScenario" time="17.764"/>
  <system-out/>
  <testcase classname="runner.TestRunner" name="runScenario" time="15.403"/>
  <system-out/>
  <testcase classname="runner.TestRunner" name="runScenario" time="24.952"/>
  <system-out/>
  <testcase classname="runner.TestRunner" name="runScenario" time="15.306"/>
  <system-out/>
  <testcase classname="runner.TestRunner" name="runScenario" time="12.945"/>
  <system-out/>
  <testcase classname="runner.TestRunner" name="runScenario" time="12.247"/>
  <system-out/>
  <testcase classname="runner.TestRunner" name="runScenario" time="18.766"/>
  <system-out/>
  <testcase classname="runner.TestRunner" name="runScenario" time="87.758"/>
  <system-out/>
  <testcase classname="runner.TestRunner" name="runScenario" time="17.453"/>
  <system-out/>
</testsuite> <!-- runner.TestRunner -->
